Created by PLY version 3.11 (http://www.dabeaz.com/ply)

Grammar

Rule 0     S' -> program
Rule 1     program -> statements
Rule 2     statements -> statement
Rule 3     statements -> statements statement
Rule 4     statement -> expression SEMI
Rule 5     statement -> LET ID COLON type ASSIGN expression SEMI
Rule 6     statement -> FUN ID COLON type ARROW type SEMI
Rule 7     statement -> LET ID ID ASSIGN expression SEMI
Rule 8     type -> TYPE_INT
Rule 9     type -> TYPE_BOOL
Rule 10    type -> LBRACK type RBRACK
Rule 11    expression -> expression PLUS expression
Rule 12    expression -> expression MINUS expression
Rule 13    expression -> expression TIMES expression
Rule 14    expression -> expression LT expression
Rule 15    expression -> expression GT expression
Rule 16    expression -> expression EQ expression
Rule 17    expression -> MINUS expression
Rule 18    expression -> LPAREN expression RPAREN
Rule 19    expression -> ID LPAREN expression RPAREN
Rule 20    expression -> NUMBER
Rule 21    expression -> TRUE
Rule 22    expression -> FALSE
Rule 23    expression -> ID
Rule 24    expression -> IF expression THEN expression ELSE expression
Rule 25    expression -> WHEN expression IS cases END
Rule 26    cases -> case
Rule 27    cases -> cases case
Rule 28    case -> patterns ARROW expression SEMI
Rule 29    patterns -> pattern
Rule 30    patterns -> patterns COMMA pattern
Rule 31    pattern -> NUMBER
Rule 32    pattern -> MINUS NUMBER
Rule 33    pattern -> TRUE
Rule 34    pattern -> FALSE
Rule 35    pattern -> UNDERSCORE
Rule 36    pattern -> LBRACK RBRACK
Rule 37    pattern -> ID COLON ID
Rule 38    expression -> LBRACK RBRACK
Rule 39    expression -> expression COLON expression

Terminals, with rules where they appear

ARROW                : 6 28
ASSIGN               : 5 7
COLON                : 5 6 37 39
COMMA                : 30
ELSE                 : 24
END                  : 25
EQ                   : 16
FALSE                : 22 34
FUN                  : 6
GT                   : 15
ID                   : 5 6 7 7 19 23 37 37
IF                   : 24
IS                   : 25
LBRACK               : 10 36 38
LET                  : 5 7
LPAREN               : 18 19
LT                   : 14
MINUS                : 12 17 32
NUMBER               : 20 31 32
PLUS                 : 11
RBRACK               : 10 36 38
RPAREN               : 18 19
SEMI                 : 4 5 6 7 28
THEN                 : 24
TIMES                : 13
TRUE                 : 21 33
TYPE_BOOL            : 9
TYPE_INT             : 8
UNDERSCORE           : 35
WHEN                 : 25
error                : 

Nonterminals, with rules where they appear

case                 : 26 27
cases                : 25 27
expression           : 4 5 7 11 11 12 12 13 13 14 14 15 15 16 16 17 18 19 24 24 24 25 28 39 39
pattern              : 29 30
patterns             : 28 30
program              : 0
statement            : 2 3
statements           : 1 3
type                 : 5 6 6 10

Parsing method: LALR

state 0

    (0) S' -> . program
    (1) program -> . statements
    (2) statements -> . statement
    (3) statements -> . statements statement
    (4) statement -> . expression SEMI
    (5) statement -> . LET ID COLON type ASSIGN expression SEMI
    (6) statement -> . FUN ID COLON type ARROW type SEMI
    (7) statement -> . LET ID ID ASSIGN expression SEMI
    (11) expression -> . expression PLUS expression
    (12) expression -> . expression MINUS expression
    (13) expression -> . expression TIMES expression
    (14) expression -> . expression LT expression
    (15) expression -> . expression GT expression
    (16) expression -> . expression EQ expression
    (17) expression -> . MINUS expression
    (18) expression -> . LPAREN expression RPAREN
    (19) expression -> . ID LPAREN expression RPAREN
    (20) expression -> . NUMBER
    (21) expression -> . TRUE
    (22) expression -> . FALSE
    (23) expression -> . ID
    (24) expression -> . IF expression THEN expression ELSE expression
    (25) expression -> . WHEN expression IS cases END
    (38) expression -> . LBRACK RBRACK
    (39) expression -> . expression COLON expression

    LET             shift and go to state 5
    FUN             shift and go to state 7
    MINUS           shift and go to state 8
    LPAREN          shift and go to state 9
    ID              shift and go to state 6
    NUMBER          shift and go to state 10
    TRUE            shift and go to state 11
    FALSE           shift and go to state 12
    IF              shift and go to state 13
    WHEN            shift and go to state 14
    LBRACK          shift and go to state 15

    program                        shift and go to state 1
    statements                     shift and go to state 2
    statement                      shift and go to state 3
    expression                     shift and go to state 4

state 1

    (0) S' -> program .



state 2

    (1) program -> statements .
    (3) statements -> statements . statement
    (4) statement -> . expression SEMI
    (5) statement -> . LET ID COLON type ASSIGN expression SEMI
    (6) statement -> . FUN ID COLON type ARROW type SEMI
    (7) statement -> . LET ID ID ASSIGN expression SEMI
    (11) expression -> . expression PLUS expression
    (12) expression -> . expression MINUS expression
    (13) expression -> . expression TIMES expression
    (14) expression -> . expression LT expression
    (15) expression -> . expression GT expression
    (16) expression -> . expression EQ expression
    (17) expression -> . MINUS expression
    (18) expression -> . LPAREN expression RPAREN
    (19) expression -> . ID LPAREN expression RPAREN
    (20) expression -> . NUMBER
    (21) expression -> . TRUE
    (22) expression -> . FALSE
    (23) expression -> . ID
    (24) expression -> . IF expression THEN expression ELSE expression
    (25) expression -> . WHEN expression IS cases END
    (38) expression -> . LBRACK RBRACK
    (39) expression -> . expression COLON expression

    $end            reduce using rule 1 (program -> statements .)
    LET             shift and go to state 5
    FUN             shift and go to state 7
    MINUS           shift and go to state 8
    LPAREN          shift and go to state 9
    ID              shift and go to state 6
    NUMBER          shift and go to state 10
    TRUE            shift and go to state 11
    FALSE           shift and go to state 12
    IF              shift and go to state 13
    WHEN            shift and go to state 14
    LBRACK          shift and go to state 15

    statement                      shift and go to state 16
    expression                     shift and go to state 4

state 3

    (2) statements -> statement .

    LET             reduce using rule 2 (statements -> statement .)
    FUN             reduce using rule 2 (statements -> statement .)
    MINUS           reduce using rule 2 (statements -> statement .)
    LPAREN          reduce using rule 2 (statements -> statement .)
    ID              reduce using rule 2 (statements -> statement .)
    NUMBER          reduce using rule 2 (statements -> statement .)
    TRUE            reduce using rule 2 (statements -> statement .)
    FALSE           reduce using rule 2 (statements -> statement .)
    IF              reduce using rule 2 (statements -> statement .)
    WHEN            reduce using rule 2 (statements -> statement .)
    LBRACK          reduce using rule 2 (statements -> statement .)
    $end            reduce using rule 2 (statements -> statement .)


state 4

    (4) statement -> expression . SEMI
    (11) expression -> expression . PLUS expression
    (12) expression -> expression . MINUS expression
    (13) expression -> expression . TIMES expression
    (14) expression -> expression . LT expression
    (15) expression -> expression . GT expression
    (16) expression -> expression . EQ expression
    (39) expression -> expression . COLON expression

    SEMI            shift and go to state 17
    PLUS            shift and go to state 18
    MINUS           shift and go to state 19
    TIMES           shift and go to state 20
    LT              shift and go to state 21
    GT              shift and go to state 22
    EQ              shift and go to state 23
    COLON           shift and go to state 24


state 5

    (5) statement -> LET . ID COLON type ASSIGN expression SEMI
    (7) statement -> LET . ID ID ASSIGN expression SEMI

    ID              shift and go to state 25


state 6

    (19) expression -> ID . LPAREN expression RPAREN
    (23) expression -> ID .

    LPAREN          shift and go to state 26
    SEMI            reduce using rule 23 (expression -> ID .)
    PLUS            reduce using rule 23 (expression -> ID .)
    MINUS           reduce using rule 23 (expression -> ID .)
    TIMES           reduce using rule 23 (expression -> ID .)
    LT              reduce using rule 23 (expression -> ID .)
    GT              reduce using rule 23 (expression -> ID .)
    EQ              reduce using rule 23 (expression -> ID .)
    COLON           reduce using rule 23 (expression -> ID .)
    RPAREN          reduce using rule 23 (expression -> ID .)
    THEN            reduce using rule 23 (expression -> ID .)
    IS              reduce using rule 23 (expression -> ID .)
    ELSE            reduce using rule 23 (expression -> ID .)


state 7

    (6) statement -> FUN . ID COLON type ARROW type SEMI

    ID              shift and go to state 27


state 8

    (17) expression -> MINUS . expression
    (11) expression -> . expression PLUS expression
    (12) expression -> . expression MINUS expression
    (13) expression -> . expression TIMES expression
    (14) expression -> . expression LT expression
    (15) expression -> . expression GT expression
    (16) expression -> . expression EQ expression
    (17) expression -> . MINUS expression
    (18) expression -> . LPAREN expression RPAREN
    (19) expression -> . ID LPAREN expression RPAREN
    (20) expression -> . NUMBER
    (21) expression -> . TRUE
    (22) expression -> . FALSE
    (23) expression -> . ID
    (24) expression -> . IF expression THEN expression ELSE expression
    (25) expression -> . WHEN expression IS cases END
    (38) expression -> . LBRACK RBRACK
    (39) expression -> . expression COLON expression

    MINUS           shift and go to state 8
    LPAREN          shift and go to state 9
    ID              shift and go to state 6
    NUMBER          shift and go to state 10
    TRUE            shift and go to state 11
    FALSE           shift and go to state 12
    IF              shift and go to state 13
    WHEN            shift and go to state 14
    LBRACK          shift and go to state 15

    expression                     shift and go to state 28

state 9

    (18) expression -> LPAREN . expression RPAREN
    (11) expression -> . expression PLUS expression
    (12) expression -> . expression MINUS expression
    (13) expression -> . expression TIMES expression
    (14) expression -> . expression LT expression
    (15) expression -> . expression GT expression
    (16) expression -> . expression EQ expression
    (17) expression -> . MINUS expression
    (18) expression -> . LPAREN expression RPAREN
    (19) expression -> . ID LPAREN expression RPAREN
    (20) expression -> . NUMBER
    (21) expression -> . TRUE
    (22) expression -> . FALSE
    (23) expression -> . ID
    (24) expression -> . IF expression THEN expression ELSE expression
    (25) expression -> . WHEN expression IS cases END
    (38) expression -> . LBRACK RBRACK
    (39) expression -> . expression COLON expression

    MINUS           shift and go to state 8
    LPAREN          shift and go to state 9
    ID              shift and go to state 6
    NUMBER          shift and go to state 10
    TRUE            shift and go to state 11
    FALSE           shift and go to state 12
    IF              shift and go to state 13
    WHEN            shift and go to state 14
    LBRACK          shift and go to state 15

    expression                     shift and go to state 29

state 10

    (20) expression -> NUMBER .

    SEMI            reduce using rule 20 (expression -> NUMBER .)
    PLUS            reduce using rule 20 (expression -> NUMBER .)
    MINUS           reduce using rule 20 (expression -> NUMBER .)
    TIMES           reduce using rule 20 (expression -> NUMBER .)
    LT              reduce using rule 20 (expression -> NUMBER .)
    GT              reduce using rule 20 (expression -> NUMBER .)
    EQ              reduce using rule 20 (expression -> NUMBER .)
    COLON           reduce using rule 20 (expression -> NUMBER .)
    RPAREN          reduce using rule 20 (expression -> NUMBER .)
    THEN            reduce using rule 20 (expression -> NUMBER .)
    IS              reduce using rule 20 (expression -> NUMBER .)
    ELSE            reduce using rule 20 (expression -> NUMBER .)


state 11

    (21) expression -> TRUE .

    SEMI            reduce using rule 21 (expression -> TRUE .)
    PLUS            reduce using rule 21 (expression -> TRUE .)
    MINUS           reduce using rule 21 (expression -> TRUE .)
    TIMES           reduce using rule 21 (expression -> TRUE .)
    LT              reduce using rule 21 (expression -> TRUE .)
    GT              reduce using rule 21 (expression -> TRUE .)
    EQ              reduce using rule 21 (expression -> TRUE .)
    COLON           reduce using rule 21 (expression -> TRUE .)
    RPAREN          reduce using rule 21 (expression -> TRUE .)
    THEN            reduce using rule 21 (expression -> TRUE .)
    IS              reduce using rule 21 (expression -> TRUE .)
    ELSE            reduce using rule 21 (expression -> TRUE .)


state 12

    (22) expression -> FALSE .

    SEMI            reduce using rule 22 (expression -> FALSE .)
    PLUS            reduce using rule 22 (expression -> FALSE .)
    MINUS           reduce using rule 22 (expression -> FALSE .)
    TIMES           reduce using rule 22 (expression -> FALSE .)
    LT              reduce using rule 22 (expression -> FALSE .)
    GT              reduce using rule 22 (expression -> FALSE .)
    EQ              reduce using rule 22 (expression -> FALSE .)
    COLON           reduce using rule 22 (expression -> FALSE .)
    RPAREN          reduce using rule 22 (expression -> FALSE .)
    THEN            reduce using rule 22 (expression -> FALSE .)
    IS              reduce using rule 22 (expression -> FALSE .)
    ELSE            reduce using rule 22 (expression -> FALSE .)


state 13

    (24) expression -> IF . expression THEN expression ELSE expression
    (11) expression -> . expression PLUS expression
    (12) expression -> . expression MINUS expression
    (13) expression -> . expression TIMES expression
    (14) expression -> . expression LT expression
    (15) expression -> . expression GT expression
    (16) expression -> . expression EQ expression
    (17) expression -> . MINUS expression
    (18) expression -> . LPAREN expression RPAREN
    (19) expression -> . ID LPAREN expression RPAREN
    (20) expression -> . NUMBER
    (21) expression -> . TRUE
    (22) expression -> . FALSE
    (23) expression -> . ID
    (24) expression -> . IF expression THEN expression ELSE expression
    (25) expression -> . WHEN expression IS cases END
    (38) expression -> . LBRACK RBRACK
    (39) expression -> . expression COLON expression

    MINUS           shift and go to state 8
    LPAREN          shift and go to state 9
    ID              shift and go to state 6
    NUMBER          shift and go to state 10
    TRUE            shift and go to state 11
    FALSE           shift and go to state 12
    IF              shift and go to state 13
    WHEN            shift and go to state 14
    LBRACK          shift and go to state 15

    expression                     shift and go to state 30

state 14

    (25) expression -> WHEN . expression IS cases END
    (11) expression -> . expression PLUS expression
    (12) expression -> . expression MINUS expression
    (13) expression -> . expression TIMES expression
    (14) expression -> . expression LT expression
    (15) expression -> . expression GT expression
    (16) expression -> . expression EQ expression
    (17) expression -> . MINUS expression
    (18) expression -> . LPAREN expression RPAREN
    (19) expression -> . ID LPAREN expression RPAREN
    (20) expression -> . NUMBER
    (21) expression -> . TRUE
    (22) expression -> . FALSE
    (23) expression -> . ID
    (24) expression -> . IF expression THEN expression ELSE expression
    (25) expression -> . WHEN expression IS cases END
    (38) expression -> . LBRACK RBRACK
    (39) expression -> . expression COLON expression

    MINUS           shift and go to state 8
    LPAREN          shift and go to state 9
    ID              shift and go to state 6
    NUMBER          shift and go to state 10
    TRUE            shift and go to state 11
    FALSE           shift and go to state 12
    IF              shift and go to state 13
    WHEN            shift and go to state 14
    LBRACK          shift and go to state 15

    expression                     shift and go to state 31

state 15

    (38) expression -> LBRACK . RBRACK

    RBRACK          shift and go to state 32


state 16

    (3) statements -> statements statement .

    LET             reduce using rule 3 (statements -> statements statement .)
    FUN             reduce using rule 3 (statements -> statements statement .)
    MINUS           reduce using rule 3 (statements -> statements statement .)
    LPAREN          reduce using rule 3 (statements -> statements statement .)
    ID              reduce using rule 3 (statements -> statements statement .)
    NUMBER          reduce using rule 3 (statements -> statements statement .)
    TRUE            reduce using rule 3 (statements -> statements statement .)
    FALSE           reduce using rule 3 (statements -> statements statement .)
    IF              reduce using rule 3 (statements -> statements statement .)
    WHEN            reduce using rule 3 (statements -> statements statement .)
    LBRACK          reduce using rule 3 (statements -> statements statement .)
    $end            reduce using rule 3 (statements -> statements statement .)


state 17

    (4) statement -> expression SEMI .

    LET             reduce using rule 4 (statement -> expression SEMI .)
    FUN             reduce using rule 4 (statement -> expression SEMI .)
    MINUS           reduce using rule 4 (statement -> expression SEMI .)
    LPAREN          reduce using rule 4 (statement -> expression SEMI .)
    ID              reduce using rule 4 (statement -> expression SEMI .)
    NUMBER          reduce using rule 4 (statement -> expression SEMI .)
    TRUE            reduce using rule 4 (statement -> expression SEMI .)
    FALSE           reduce using rule 4 (statement -> expression SEMI .)
    IF              reduce using rule 4 (statement -> expression SEMI .)
    WHEN            reduce using rule 4 (statement -> expression SEMI .)
    LBRACK          reduce using rule 4 (statement -> expression SEMI .)
    $end            reduce using rule 4 (statement -> expression SEMI .)


state 18

    (11) expression -> expression PLUS . expression
    (11) expression -> . expression PLUS expression
    (12) expression -> . expression MINUS expression
    (13) expression -> . expression TIMES expression
    (14) expression -> . expression LT expression
    (15) expression -> . expression GT expression
    (16) expression -> . expression EQ expression
    (17) expression -> . MINUS expression
    (18) expression -> . LPAREN expression RPAREN
    (19) expression -> . ID LPAREN expression RPAREN
    (20) expression -> . NUMBER
    (21) expression -> . TRUE
    (22) expression -> . FALSE
    (23) expression -> . ID
    (24) expression -> . IF expression THEN expression ELSE expression
    (25) expression -> . WHEN expression IS cases END
    (38) expression -> . LBRACK RBRACK
    (39) expression -> . expression COLON expression

    MINUS           shift and go to state 8
    LPAREN          shift and go to state 9
    ID              shift and go to state 6
    NUMBER          shift and go to state 10
    TRUE            shift and go to state 11
    FALSE           shift and go to state 12
    IF              shift and go to state 13
    WHEN            shift and go to state 14
    LBRACK          shift and go to state 15

    expression                     shift and go to state 33

state 19

    (12) expression -> expression MINUS . expression
    (11) expression -> . expression PLUS expression
    (12) expression -> . expression MINUS expression
    (13) expression -> . expression TIMES expression
    (14) expression -> . expression LT expression
    (15) expression -> . expression GT expression
    (16) expression -> . expression EQ expression
    (17) expression -> . MINUS expression
    (18) expression -> . LPAREN expression RPAREN
    (19) expression -> . ID LPAREN expression RPAREN
    (20) expression -> . NUMBER
    (21) expression -> . TRUE
    (22) expression -> . FALSE
    (23) expression -> . ID
    (24) expression -> . IF expression THEN expression ELSE expression
    (25) expression -> . WHEN expression IS cases END
    (38) expression -> . LBRACK RBRACK
    (39) expression -> . expression COLON expression

    MINUS           shift and go to state 8
    LPAREN          shift and go to state 9
    ID              shift and go to state 6
    NUMBER          shift and go to state 10
    TRUE            shift and go to state 11
    FALSE           shift and go to state 12
    IF              shift and go to state 13
    WHEN            shift and go to state 14
    LBRACK          shift and go to state 15

    expression                     shift and go to state 34

state 20

    (13) expression -> expression TIMES . expression
    (11) expression -> . expression PLUS expression
    (12) expression -> . expression MINUS expression
    (13) expression -> . expression TIMES expression
    (14) expression -> . expression LT expression
    (15) expression -> . expression GT expression
    (16) expression -> . expression EQ expression
    (17) expression -> . MINUS expression
    (18) expression -> . LPAREN expression RPAREN
    (19) expression -> . ID LPAREN expression RPAREN
    (20) expression -> . NUMBER
    (21) expression -> . TRUE
    (22) expression -> . FALSE
    (23) expression -> . ID
    (24) expression -> . IF expression THEN expression ELSE expression
    (25) expression -> . WHEN expression IS cases END
    (38) expression -> . LBRACK RBRACK
    (39) expression -> . expression COLON expression

    MINUS           shift and go to state 8
    LPAREN          shift and go to state 9
    ID              shift and go to state 6
    NUMBER          shift and go to state 10
    TRUE            shift and go to state 11
    FALSE           shift and go to state 12
    IF              shift and go to state 13
    WHEN            shift and go to state 14
    LBRACK          shift and go to state 15

    expression                     shift and go to state 35

state 21

    (14) expression -> expression LT . expression
    (11) expression -> . expression PLUS expression
    (12) expression -> . expression MINUS expression
    (13) expression -> . expression TIMES expression
    (14) expression -> . expression LT expression
    (15) expression -> . expression GT expression
    (16) expression -> . expression EQ expression
    (17) expression -> . MINUS expression
    (18) expression -> . LPAREN expression RPAREN
    (19) expression -> . ID LPAREN expression RPAREN
    (20) expression -> . NUMBER
    (21) expression -> . TRUE
    (22) expression -> . FALSE
    (23) expression -> . ID
    (24) expression -> . IF expression THEN expression ELSE expression
    (25) expression -> . WHEN expression IS cases END
    (38) expression -> . LBRACK RBRACK
    (39) expression -> . expression COLON expression

    MINUS           shift and go to state 8
    LPAREN          shift and go to state 9
    ID              shift and go to state 6
    NUMBER          shift and go to state 10
    TRUE            shift and go to state 11
    FALSE           shift and go to state 12
    IF              shift and go to state 13
    WHEN            shift and go to state 14
    LBRACK          shift and go to state 15

    expression                     shift and go to state 36

state 22

    (15) expression -> expression GT . expression
    (11) expression -> . expression PLUS expression
    (12) expression -> . expression MINUS expression
    (13) expression -> . expression TIMES expression
    (14) expression -> . expression LT expression
    (15) expression -> . expression GT expression
    (16) expression -> . expression EQ expression
    (17) expression -> . MINUS expression
    (18) expression -> . LPAREN expression RPAREN
    (19) expression -> . ID LPAREN expression RPAREN
    (20) expression -> . NUMBER
    (21) expression -> . TRUE
    (22) expression -> . FALSE
    (23) expression -> . ID
    (24) expression -> . IF expression THEN expression ELSE expression
    (25) expression -> . WHEN expression IS cases END
    (38) expression -> . LBRACK RBRACK
    (39) expression -> . expression COLON expression

    MINUS           shift and go to state 8
    LPAREN          shift and go to state 9
    ID              shift and go to state 6
    NUMBER          shift and go to state 10
    TRUE            shift and go to state 11
    FALSE           shift and go to state 12
    IF              shift and go to state 13
    WHEN            shift and go to state 14
    LBRACK          shift and go to state 15

    expression                     shift and go to state 37

state 23

    (16) expression -> expression EQ . expression
    (11) expression -> . expression PLUS expression
    (12) expression -> . expression MINUS expression
    (13) expression -> . expression TIMES expression
    (14) expression -> . expression LT expression
    (15) expression -> . expression GT expression
    (16) expression -> . expression EQ expression
    (17) expression -> . MINUS expression
    (18) expression -> . LPAREN expression RPAREN
    (19) expression -> . ID LPAREN expression RPAREN
    (20) expression -> . NUMBER
    (21) expression -> . TRUE
    (22) expression -> . FALSE
    (23) expression -> . ID
    (24) expression -> . IF expression THEN expression ELSE expression
    (25) expression -> . WHEN expression IS cases END
    (38) expression -> . LBRACK RBRACK
    (39) expression -> . expression COLON expression

    MINUS           shift and go to state 8
    LPAREN          shift and go to state 9
    ID              shift and go to state 6
    NUMBER          shift and go to state 10
    TRUE            shift and go to state 11
    FALSE           shift and go to state 12
    IF              shift and go to state 13
    WHEN            shift and go to state 14
    LBRACK          shift and go to state 15

    expression                     shift and go to state 38

state 24

    (39) expression -> expression COLON . expression
    (11) expression -> . expression PLUS expression
    (12) expression -> . expression MINUS expression
    (13) expression -> . expression TIMES expression
    (14) expression -> . expression LT expression
    (15) expression -> . expression GT expression
    (16) expression -> . expression EQ expression
    (17) expression -> . MINUS expression
    (18) expression -> . LPAREN expression RPAREN
    (19) expression -> . ID LPAREN expression RPAREN
    (20) expression -> . NUMBER
    (21) expression -> . TRUE
    (22) expression -> . FALSE
    (23) expression -> . ID
    (24) expression -> . IF expression THEN expression ELSE expression
    (25) expression -> . WHEN expression IS cases END
    (38) expression -> . LBRACK RBRACK
    (39) expression -> . expression COLON expression

    MINUS           shift and go to state 8
    LPAREN          shift and go to state 9
    ID              shift and go to state 6
    NUMBER          shift and go to state 10
    TRUE            shift and go to state 11
    FALSE           shift and go to state 12
    IF              shift and go to state 13
    WHEN            shift and go to state 14
    LBRACK          shift and go to state 15

    expression                     shift and go to state 39

state 25

    (5) statement -> LET ID . COLON type ASSIGN expression SEMI
    (7) statement -> LET ID . ID ASSIGN expression SEMI

    COLON           shift and go to state 41
    ID              shift and go to state 40


state 26

    (19) expression -> ID LPAREN . expression RPAREN
    (11) expression -> . expression PLUS expression
    (12) expression -> . expression MINUS expression
    (13) expression -> . expression TIMES expression
    (14) expression -> . expression LT expression
    (15) expression -> . expression GT expression
    (16) expression -> . expression EQ expression
    (17) expression -> . MINUS expression
    (18) expression -> . LPAREN expression RPAREN
    (19) expression -> . ID LPAREN expression RPAREN
    (20) expression -> . NUMBER
    (21) expression -> . TRUE
    (22) expression -> . FALSE
    (23) expression -> . ID
    (24) expression -> . IF expression THEN expression ELSE expression
    (25) expression -> . WHEN expression IS cases END
    (38) expression -> . LBRACK RBRACK
    (39) expression -> . expression COLON expression

    MINUS           shift and go to state 8
    LPAREN          shift and go to state 9
    ID              shift and go to state 6
    NUMBER          shift and go to state 10
    TRUE            shift and go to state 11
    FALSE           shift and go to state 12
    IF              shift and go to state 13
    WHEN            shift and go to state 14
    LBRACK          shift and go to state 15

    expression                     shift and go to state 42

state 27

    (6) statement -> FUN ID . COLON type ARROW type SEMI

    COLON           shift and go to state 43


state 28

    (17) expression -> MINUS expression .
    (11) expression -> expression . PLUS expression
    (12) expression -> expression . MINUS expression
    (13) expression -> expression . TIMES expression
    (14) expression -> expression . LT expression
    (15) expression -> expression . GT expression
    (16) expression -> expression . EQ expression
    (39) expression -> expression . COLON expression

    SEMI            reduce using rule 17 (expression -> MINUS expression .)
    PLUS            reduce using rule 17 (expression -> MINUS expression .)
    MINUS           reduce using rule 17 (expression -> MINUS expression .)
    TIMES           reduce using rule 17 (expression -> MINUS expression .)
    LT              reduce using rule 17 (expression -> MINUS expression .)
    GT              reduce using rule 17 (expression -> MINUS expression .)
    EQ              reduce using rule 17 (expression -> MINUS expression .)
    COLON           reduce using rule 17 (expression -> MINUS expression .)
    RPAREN          reduce using rule 17 (expression -> MINUS expression .)
    THEN            reduce using rule 17 (expression -> MINUS expression .)
    IS              reduce using rule 17 (expression -> MINUS expression .)
    ELSE            reduce using rule 17 (expression -> MINUS expression .)

  ! PLUS            [ shift and go to state 18 ]
  ! MINUS           [ shift and go to state 19 ]
  ! TIMES           [ shift and go to state 20 ]
  ! LT              [ shift and go to state 21 ]
  ! GT              [ shift and go to state 22 ]
  ! EQ              [ shift and go to state 23 ]
  ! COLON           [ shift and go to state 24 ]


state 29

    (18) expression -> LPAREN expression . RPAREN
    (11) expression -> expression . PLUS expression
    (12) expression -> expression . MINUS expression
    (13) expression -> expression . TIMES expression
    (14) expression -> expression . LT expression
    (15) expression -> expression . GT expression
    (16) expression -> expression . EQ expression
    (39) expression -> expression . COLON expression

    RPAREN          shift and go to state 44
    PLUS            shift and go to state 18
    MINUS           shift and go to state 19
    TIMES           shift and go to state 20
    LT              shift and go to state 21
    GT              shift and go to state 22
    EQ              shift and go to state 23
    COLON           shift and go to state 24


state 30

    (24) expression -> IF expression . THEN expression ELSE expression
    (11) expression -> expression . PLUS expression
    (12) expression -> expression . MINUS expression
    (13) expression -> expression . TIMES expression
    (14) expression -> expression . LT expression
    (15) expression -> expression . GT expression
    (16) expression -> expression . EQ expression
    (39) expression -> expression . COLON expression

    THEN            shift and go to state 45
    PLUS            shift and go to state 18
    MINUS           shift and go to state 19
    TIMES           shift and go to state 20
    LT              shift and go to state 21
    GT              shift and go to state 22
    EQ              shift and go to state 23
    COLON           shift and go to state 24


state 31

    (25) expression -> WHEN expression . IS cases END
    (11) expression -> expression . PLUS expression
    (12) expression -> expression . MINUS expression
    (13) expression -> expression . TIMES expression
    (14) expression -> expression . LT expression
    (15) expression -> expression . GT expression
    (16) expression -> expression . EQ expression
    (39) expression -> expression . COLON expression

    IS              shift and go to state 46
    PLUS            shift and go to state 18
    MINUS           shift and go to state 19
    TIMES           shift and go to state 20
    LT              shift and go to state 21
    GT              shift and go to state 22
    EQ              shift and go to state 23
    COLON           shift and go to state 24


state 32

    (38) expression -> LBRACK RBRACK .

    SEMI            reduce using rule 38 (expression -> LBRACK RBRACK .)
    PLUS            reduce using rule 38 (expression -> LBRACK RBRACK .)
    MINUS           reduce using rule 38 (expression -> LBRACK RBRACK .)
    TIMES           reduce using rule 38 (expression -> LBRACK RBRACK .)
    LT              reduce using rule 38 (expression -> LBRACK RBRACK .)
    GT              reduce using rule 38 (expression -> LBRACK RBRACK .)
    EQ              reduce using rule 38 (expression -> LBRACK RBRACK .)
    COLON           reduce using rule 38 (expression -> LBRACK RBRACK .)
    RPAREN          reduce using rule 38 (expression -> LBRACK RBRACK .)
    THEN            reduce using rule 38 (expression -> LBRACK RBRACK .)
    IS              reduce using rule 38 (expression -> LBRACK RBRACK .)
    ELSE            reduce using rule 38 (expression -> LBRACK RBRACK .)


state 33

    (11) expression -> expression PLUS expression .
    (11) expression -> expression . PLUS expression
    (12) expression -> expression . MINUS expression
    (13) expression -> expression . TIMES expression
    (14) expression -> expression . LT expression
    (15) expression -> expression . GT expression
    (16) expression -> expression . EQ expression
    (39) expression -> expression . COLON expression

    SEMI            reduce using rule 11 (expression -> expression PLUS expression .)
    PLUS            reduce using rule 11 (expression -> expression PLUS expression .)
    MINUS           reduce using rule 11 (expression -> expression PLUS expression .)
    LT              reduce using rule 11 (expression -> expression PLUS expression .)
    GT              reduce using rule 11 (expression -> expression PLUS expression .)
    EQ              reduce using rule 11 (expression -> expression PLUS expression .)
    COLON           reduce using rule 11 (expression -> expression PLUS expression .)
    RPAREN          reduce using rule 11 (expression -> expression PLUS expression .)
    THEN            reduce using rule 11 (expression -> expression PLUS expression .)
    IS              reduce using rule 11 (expression -> expression PLUS expression .)
    ELSE            reduce using rule 11 (expression -> expression PLUS expression .)
    TIMES           shift and go to state 20

  ! TIMES           [ reduce using rule 11 (expression -> expression PLUS expression .) ]
  ! PLUS            [ shift and go to state 18 ]
  ! MINUS           [ shift and go to state 19 ]
  ! LT              [ shift and go to state 21 ]
  ! GT              [ shift and go to state 22 ]
  ! EQ              [ shift and go to state 23 ]
  ! COLON           [ shift and go to state 24 ]


state 34

    (12) expression -> expression MINUS expression .
    (11) expression -> expression . PLUS expression
    (12) expression -> expression . MINUS expression
    (13) expression -> expression . TIMES expression
    (14) expression -> expression . LT expression
    (15) expression -> expression . GT expression
    (16) expression -> expression . EQ expression
    (39) expression -> expression . COLON expression

    SEMI            reduce using rule 12 (expression -> expression MINUS expression .)
    PLUS            reduce using rule 12 (expression -> expression MINUS expression .)
    MINUS           reduce using rule 12 (expression -> expression MINUS expression .)
    LT              reduce using rule 12 (expression -> expression MINUS expression .)
    GT              reduce using rule 12 (expression -> expression MINUS expression .)
    EQ              reduce using rule 12 (expression -> expression MINUS expression .)
    COLON           reduce using rule 12 (expression -> expression MINUS expression .)
    RPAREN          reduce using rule 12 (expression -> expression MINUS expression .)
    THEN            reduce using rule 12 (expression -> expression MINUS expression .)
    IS              reduce using rule 12 (expression -> expression MINUS expression .)
    ELSE            reduce using rule 12 (expression -> expression MINUS expression .)
    TIMES           shift and go to state 20

  ! TIMES           [ reduce using rule 12 (expression -> expression MINUS expression .) ]
  ! PLUS            [ shift and go to state 18 ]
  ! MINUS           [ shift and go to state 19 ]
  ! LT              [ shift and go to state 21 ]
  ! GT              [ shift and go to state 22 ]
  ! EQ              [ shift and go to state 23 ]
  ! COLON           [ shift and go to state 24 ]


state 35

    (13) expression -> expression TIMES expression .
    (11) expression -> expression . PLUS expression
    (12) expression -> expression . MINUS expression
    (13) expression -> expression . TIMES expression
    (14) expression -> expression . LT expression
    (15) expression -> expression . GT expression
    (16) expression -> expression . EQ expression
    (39) expression -> expression . COLON expression

    SEMI            reduce using rule 13 (expression -> expression TIMES expression .)
    PLUS            reduce using rule 13 (expression -> expression TIMES expression .)
    MINUS           reduce using rule 13 (expression -> expression TIMES expression .)
    TIMES           reduce using rule 13 (expression -> expression TIMES expression .)
    LT              reduce using rule 13 (expression -> expression TIMES expression .)
    GT              reduce using rule 13 (expression -> expression TIMES expression .)
    EQ              reduce using rule 13 (expression -> expression TIMES expression .)
    COLON           reduce using rule 13 (expression -> expression TIMES expression .)
    RPAREN          reduce using rule 13 (expression -> expression TIMES expression .)
    THEN            reduce using rule 13 (expression -> expression TIMES expression .)
    IS              reduce using rule 13 (expression -> expression TIMES expression .)
    ELSE            reduce using rule 13 (expression -> expression TIMES expression .)

  ! PLUS            [ shift and go to state 18 ]
  ! MINUS           [ shift and go to state 19 ]
  ! TIMES           [ shift and go to state 20 ]
  ! LT              [ shift and go to state 21 ]
  ! GT              [ shift and go to state 22 ]
  ! EQ              [ shift and go to state 23 ]
  ! COLON           [ shift and go to state 24 ]


state 36

    (14) expression -> expression LT expression .
    (11) expression -> expression . PLUS expression
    (12) expression -> expression . MINUS expression
    (13) expression -> expression . TIMES expression
    (14) expression -> expression . LT expression
    (15) expression -> expression . GT expression
    (16) expression -> expression . EQ expression
    (39) expression -> expression . COLON expression

    SEMI            reduce using rule 14 (expression -> expression LT expression .)
    LT              reduce using rule 14 (expression -> expression LT expression .)
    GT              reduce using rule 14 (expression -> expression LT expression .)
    EQ              reduce using rule 14 (expression -> expression LT expression .)
    RPAREN          reduce using rule 14 (expression -> expression LT expression .)
    THEN            reduce using rule 14 (expression -> expression LT expression .)
    IS              reduce using rule 14 (expression -> expression LT expression .)
    ELSE            reduce using rule 14 (expression -> expression LT expression .)
    PLUS            shift and go to state 18
    MINUS           shift and go to state 19
    TIMES           shift and go to state 20
    COLON           shift and go to state 24

  ! PLUS            [ reduce using rule 14 (expression -> expression LT expression .) ]
  ! MINUS           [ reduce using rule 14 (expression -> expression LT expression .) ]
  ! TIMES           [ reduce using rule 14 (expression -> expression LT expression .) ]
  ! COLON           [ reduce using rule 14 (expression -> expression LT expression .) ]
  ! LT              [ shift and go to state 21 ]
  ! GT              [ shift and go to state 22 ]
  ! EQ              [ shift and go to state 23 ]


state 37

    (15) expression -> expression GT expression .
    (11) expression -> expression . PLUS expression
    (12) expression -> expression . MINUS expression
    (13) expression -> expression . TIMES expression
    (14) expression -> expression . LT expression
    (15) expression -> expression . GT expression
    (16) expression -> expression . EQ expression
    (39) expression -> expression . COLON expression

    SEMI            reduce using rule 15 (expression -> expression GT expression .)
    LT              reduce using rule 15 (expression -> expression GT expression .)
    GT              reduce using rule 15 (expression -> expression GT expression .)
    EQ              reduce using rule 15 (expression -> expression GT expression .)
    RPAREN          reduce using rule 15 (expression -> expression GT expression .)
    THEN            reduce using rule 15 (expression -> expression GT expression .)
    IS              reduce using rule 15 (expression -> expression GT expression .)
    ELSE            reduce using rule 15 (expression -> expression GT expression .)
    PLUS            shift and go to state 18
    MINUS           shift and go to state 19
    TIMES           shift and go to state 20
    COLON           shift and go to state 24

  ! PLUS            [ reduce using rule 15 (expression -> expression GT expression .) ]
  ! MINUS           [ reduce using rule 15 (expression -> expression GT expression .) ]
  ! TIMES           [ reduce using rule 15 (expression -> expression GT expression .) ]
  ! COLON           [ reduce using rule 15 (expression -> expression GT expression .) ]
  ! LT              [ shift and go to state 21 ]
  ! GT              [ shift and go to state 22 ]
  ! EQ              [ shift and go to state 23 ]


state 38

    (16) expression -> expression EQ expression .
    (11) expression -> expression . PLUS expression
    (12) expression -> expression . MINUS expression
    (13) expression -> expression . TIMES expression
    (14) expression -> expression . LT expression
    (15) expression -> expression . GT expression
    (16) expression -> expression . EQ expression
    (39) expression -> expression . COLON expression

    SEMI            reduce using rule 16 (expression -> expression EQ expression .)
    LT              reduce using rule 16 (expression -> expression EQ expression .)
    GT              reduce using rule 16 (expression -> expression EQ expression .)
    EQ              reduce using rule 16 (expression -> expression EQ expression .)
    RPAREN          reduce using rule 16 (expression -> expression EQ expression .)
    THEN            reduce using rule 16 (expression -> expression EQ expression .)
    IS              reduce using rule 16 (expression -> expression EQ expression .)
    ELSE            reduce using rule 16 (expression -> expression EQ expression .)
    PLUS            shift and go to state 18
    MINUS           shift and go to state 19
    TIMES           shift and go to state 20
    COLON           shift and go to state 24

  ! PLUS            [ reduce using rule 16 (expression -> expression EQ expression .) ]
  ! MINUS           [ reduce using rule 16 (expression -> expression EQ expression .) ]
  ! TIMES           [ reduce using rule 16 (expression -> expression EQ expression .) ]
  ! COLON           [ reduce using rule 16 (expression -> expression EQ expression .) ]
  ! LT              [ shift and go to state 21 ]
  ! GT              [ shift and go to state 22 ]
  ! EQ              [ shift and go to state 23 ]


state 39

    (39) expression -> expression COLON expression .
    (11) expression -> expression . PLUS expression
    (12) expression -> expression . MINUS expression
    (13) expression -> expression . TIMES expression
    (14) expression -> expression . LT expression
    (15) expression -> expression . GT expression
    (16) expression -> expression . EQ expression
    (39) expression -> expression . COLON expression

    SEMI            reduce using rule 39 (expression -> expression COLON expression .)
    LT              reduce using rule 39 (expression -> expression COLON expression .)
    GT              reduce using rule 39 (expression -> expression COLON expression .)
    EQ              reduce using rule 39 (expression -> expression COLON expression .)
    RPAREN          reduce using rule 39 (expression -> expression COLON expression .)
    THEN            reduce using rule 39 (expression -> expression COLON expression .)
    IS              reduce using rule 39 (expression -> expression COLON expression .)
    ELSE            reduce using rule 39 (expression -> expression COLON expression .)
    PLUS            shift and go to state 18
    MINUS           shift and go to state 19
    TIMES           shift and go to state 20
    COLON           shift and go to state 24

  ! PLUS            [ reduce using rule 39 (expression -> expression COLON expression .) ]
  ! MINUS           [ reduce using rule 39 (expression -> expression COLON expression .) ]
  ! TIMES           [ reduce using rule 39 (expression -> expression COLON expression .) ]
  ! COLON           [ reduce using rule 39 (expression -> expression COLON expression .) ]
  ! LT              [ shift and go to state 21 ]
  ! GT              [ shift and go to state 22 ]
  ! EQ              [ shift and go to state 23 ]


state 40

    (7) statement -> LET ID ID . ASSIGN expression SEMI

    ASSIGN          shift and go to state 47


state 41

    (5) statement -> LET ID COLON . type ASSIGN expression SEMI
    (8) type -> . TYPE_INT
    (9) type -> . TYPE_BOOL
    (10) type -> . LBRACK type RBRACK

    TYPE_INT        shift and go to state 49
    TYPE_BOOL       shift and go to state 50
    LBRACK          shift and go to state 51

    type                           shift and go to state 48

state 42

    (19) expression -> ID LPAREN expression . RPAREN
    (11) expression -> expression . PLUS expression
    (12) expression -> expression . MINUS expression
    (13) expression -> expression . TIMES expression
    (14) expression -> expression . LT expression
    (15) expression -> expression . GT expression
    (16) expression -> expression . EQ expression
    (39) expression -> expression . COLON expression

    RPAREN          shift and go to state 52
    PLUS            shift and go to state 18
    MINUS           shift and go to state 19
    TIMES           shift and go to state 20
    LT              shift and go to state 21
    GT              shift and go to state 22
    EQ              shift and go to state 23
    COLON           shift and go to state 24


state 43

    (6) statement -> FUN ID COLON . type ARROW type SEMI
    (8) type -> . TYPE_INT
    (9) type -> . TYPE_BOOL
    (10) type -> . LBRACK type RBRACK

    TYPE_INT        shift and go to state 49
    TYPE_BOOL       shift and go to state 50
    LBRACK          shift and go to state 51

    type                           shift and go to state 53

state 44

    (18) expression -> LPAREN expression RPAREN .

    SEMI            reduce using rule 18 (expression -> LPAREN expression RPAREN .)
    PLUS            reduce using rule 18 (expression -> LPAREN expression RPAREN .)
    MINUS           reduce using rule 18 (expression -> LPAREN expression RPAREN .)
    TIMES           reduce using rule 18 (expression -> LPAREN expression RPAREN .)
    LT              reduce using rule 18 (expression -> LPAREN expression RPAREN .)
    GT              reduce using rule 18 (expression -> LPAREN expression RPAREN .)
    EQ              reduce using rule 18 (expression -> LPAREN expression RPAREN .)
    COLON           reduce using rule 18 (expression -> LPAREN expression RPAREN .)
    RPAREN          reduce using rule 18 (expression -> LPAREN expression RPAREN .)
    THEN            reduce using rule 18 (expression -> LPAREN expression RPAREN .)
    IS              reduce using rule 18 (expression -> LPAREN expression RPAREN .)
    ELSE            reduce using rule 18 (expression -> LPAREN expression RPAREN .)


state 45

    (24) expression -> IF expression THEN . expression ELSE expression
    (11) expression -> . expression PLUS expression
    (12) expression -> . expression MINUS expression
    (13) expression -> . expression TIMES expression
    (14) expression -> . expression LT expression
    (15) expression -> . expression GT expression
    (16) expression -> . expression EQ expression
    (17) expression -> . MINUS expression
    (18) expression -> . LPAREN expression RPAREN
    (19) expression -> . ID LPAREN expression RPAREN
    (20) expression -> . NUMBER
    (21) expression -> . TRUE
    (22) expression -> . FALSE
    (23) expression -> . ID
    (24) expression -> . IF expression THEN expression ELSE expression
    (25) expression -> . WHEN expression IS cases END
    (38) expression -> . LBRACK RBRACK
    (39) expression -> . expression COLON expression

    MINUS           shift and go to state 8
    LPAREN          shift and go to state 9
    ID              shift and go to state 6
    NUMBER          shift and go to state 10
    TRUE            shift and go to state 11
    FALSE           shift and go to state 12
    IF              shift and go to state 13
    WHEN            shift and go to state 14
    LBRACK          shift and go to state 15

    expression                     shift and go to state 54

state 46

    (25) expression -> WHEN expression IS . cases END
    (26) cases -> . case
    (27) cases -> . cases case
    (28) case -> . patterns ARROW expression SEMI
    (29) patterns -> . pattern
    (30) patterns -> . patterns COMMA pattern
    (31) pattern -> . NUMBER
    (32) pattern -> . MINUS NUMBER
    (33) pattern -> . TRUE
    (34) pattern -> . FALSE
    (35) pattern -> . UNDERSCORE
    (36) pattern -> . LBRACK RBRACK
    (37) pattern -> . ID COLON ID

    NUMBER          shift and go to state 59
    MINUS           shift and go to state 60
    TRUE            shift and go to state 61
    FALSE           shift and go to state 62
    UNDERSCORE      shift and go to state 63
    LBRACK          shift and go to state 64
    ID              shift and go to state 65

    cases                          shift and go to state 55
    case                           shift and go to state 56
    patterns                       shift and go to state 57
    pattern                        shift and go to state 58

state 47

    (7) statement -> LET ID ID ASSIGN . expression SEMI
    (11) expression -> . expression PLUS expression
    (12) expression -> . expression MINUS expression
    (13) expression -> . expression TIMES expression
    (14) expression -> . expression LT expression
    (15) expression -> . expression GT expression
    (16) expression -> . expression EQ expression
    (17) expression -> . MINUS expression
    (18) expression -> . LPAREN expression RPAREN
    (19) expression -> . ID LPAREN expression RPAREN
    (20) expression -> . NUMBER
    (21) expression -> . TRUE
    (22) expression -> . FALSE
    (23) expression -> . ID
    (24) expression -> . IF expression THEN expression ELSE expression
    (25) expression -> . WHEN expression IS cases END
    (38) expression -> . LBRACK RBRACK
    (39) expression -> . expression COLON expression

    MINUS           shift and go to state 8
    LPAREN          shift and go to state 9
    ID              shift and go to state 6
    NUMBER          shift and go to state 10
    TRUE            shift and go to state 11
    FALSE           shift and go to state 12
    IF              shift and go to state 13
    WHEN            shift and go to state 14
    LBRACK          shift and go to state 15

    expression                     shift and go to state 66

state 48

    (5) statement -> LET ID COLON type . ASSIGN expression SEMI

    ASSIGN          shift and go to state 67


state 49

    (8) type -> TYPE_INT .

    ASSIGN          reduce using rule 8 (type -> TYPE_INT .)
    ARROW           reduce using rule 8 (type -> TYPE_INT .)
    RBRACK          reduce using rule 8 (type -> TYPE_INT .)
    SEMI            reduce using rule 8 (type -> TYPE_INT .)


state 50

    (9) type -> TYPE_BOOL .

    ASSIGN          reduce using rule 9 (type -> TYPE_BOOL .)
    ARROW           reduce using rule 9 (type -> TYPE_BOOL .)
    RBRACK          reduce using rule 9 (type -> TYPE_BOOL .)
    SEMI            reduce using rule 9 (type -> TYPE_BOOL .)


state 51

    (10) type -> LBRACK . type RBRACK
    (8) type -> . TYPE_INT
    (9) type -> . TYPE_BOOL
    (10) type -> . LBRACK type RBRACK

    TYPE_INT        shift and go to state 49
    TYPE_BOOL       shift and go to state 50
    LBRACK          shift and go to state 51

    type                           shift and go to state 68

state 52

    (19) expression -> ID LPAREN expression RPAREN .

    SEMI            reduce using rule 19 (expression -> ID LPAREN expression RPAREN .)
    PLUS            reduce using rule 19 (expression -> ID LPAREN expression RPAREN .)
    MINUS           reduce using rule 19 (expression -> ID LPAREN expression RPAREN .)
    TIMES           reduce using rule 19 (expression -> ID LPAREN expression RPAREN .)
    LT              reduce using rule 19 (expression -> ID LPAREN expression RPAREN .)
    GT              reduce using rule 19 (expression -> ID LPAREN expression RPAREN .)
    EQ              reduce using rule 19 (expression -> ID LPAREN expression RPAREN .)
    COLON           reduce using rule 19 (expression -> ID LPAREN expression RPAREN .)
    RPAREN          reduce using rule 19 (expression -> ID LPAREN expression RPAREN .)
    THEN            reduce using rule 19 (expression -> ID LPAREN expression RPAREN .)
    IS              reduce using rule 19 (expression -> ID LPAREN expression RPAREN .)
    ELSE            reduce using rule 19 (expression -> ID LPAREN expression RPAREN .)


state 53

    (6) statement -> FUN ID COLON type . ARROW type SEMI

    ARROW           shift and go to state 69


state 54

    (24) expression -> IF expression THEN expression . ELSE expression
    (11) expression -> expression . PLUS expression
    (12) expression -> expression . MINUS expression
    (13) expression -> expression . TIMES expression
    (14) expression -> expression . LT expression
    (15) expression -> expression . GT expression
    (16) expression -> expression . EQ expression
    (39) expression -> expression . COLON expression

    ELSE            shift and go to state 70
    PLUS            shift and go to state 18
    MINUS           shift and go to state 19
    TIMES           shift and go to state 20
    LT              shift and go to state 21
    GT              shift and go to state 22
    EQ              shift and go to state 23
    COLON           shift and go to state 24


state 55

    (25) expression -> WHEN expression IS cases . END
    (27) cases -> cases . case
    (28) case -> . patterns ARROW expression SEMI
    (29) patterns -> . pattern
    (30) patterns -> . patterns COMMA pattern
    (31) pattern -> . NUMBER
    (32) pattern -> . MINUS NUMBER
    (33) pattern -> . TRUE
    (34) pattern -> . FALSE
    (35) pattern -> . UNDERSCORE
    (36) pattern -> . LBRACK RBRACK
    (37) pattern -> . ID COLON ID

    END             shift and go to state 71
    NUMBER          shift and go to state 59
    MINUS           shift and go to state 60
    TRUE            shift and go to state 61
    FALSE           shift and go to state 62
    UNDERSCORE      shift and go to state 63
    LBRACK          shift and go to state 64
    ID              shift and go to state 65

    case                           shift and go to state 72
    patterns                       shift and go to state 57
    pattern                        shift and go to state 58

state 56

    (26) cases -> case .

    END             reduce using rule 26 (cases -> case .)
    NUMBER          reduce using rule 26 (cases -> case .)
    MINUS           reduce using rule 26 (cases -> case .)
    TRUE            reduce using rule 26 (cases -> case .)
    FALSE           reduce using rule 26 (cases -> case .)
    UNDERSCORE      reduce using rule 26 (cases -> case .)
    LBRACK          reduce using rule 26 (cases -> case .)
    ID              reduce using rule 26 (cases -> case .)


state 57

    (28) case -> patterns . ARROW expression SEMI
    (30) patterns -> patterns . COMMA pattern

    ARROW           shift and go to state 73
    COMMA           shift and go to state 74


state 58

    (29) patterns -> pattern .

    ARROW           reduce using rule 29 (patterns -> pattern .)
    COMMA           reduce using rule 29 (patterns -> pattern .)


state 59

    (31) pattern -> NUMBER .

    ARROW           reduce using rule 31 (pattern -> NUMBER .)
    COMMA           reduce using rule 31 (pattern -> NUMBER .)


state 60

    (32) pattern -> MINUS . NUMBER

    NUMBER          shift and go to state 75


state 61

    (33) pattern -> TRUE .

    ARROW           reduce using rule 33 (pattern -> TRUE .)
    COMMA           reduce using rule 33 (pattern -> TRUE .)


state 62

    (34) pattern -> FALSE .

    ARROW           reduce using rule 34 (pattern -> FALSE .)
    COMMA           reduce using rule 34 (pattern -> FALSE .)


state 63

    (35) pattern -> UNDERSCORE .

    ARROW           reduce using rule 35 (pattern -> UNDERSCORE .)
    COMMA           reduce using rule 35 (pattern -> UNDERSCORE .)


state 64

    (36) pattern -> LBRACK . RBRACK

    RBRACK          shift and go to state 76


state 65

    (37) pattern -> ID . COLON ID

    COLON           shift and go to state 77


state 66

    (7) statement -> LET ID ID ASSIGN expression . SEMI
    (11) expression -> expression . PLUS expression
    (12) expression -> expression . MINUS expression
    (13) expression -> expression . TIMES expression
    (14) expression -> expression . LT expression
    (15) expression -> expression . GT expression
    (16) expression -> expression . EQ expression
    (39) expression -> expression . COLON expression

    SEMI            shift and go to state 78
    PLUS            shift and go to state 18
    MINUS           shift and go to state 19
    TIMES           shift and go to state 20
    LT              shift and go to state 21
    GT              shift and go to state 22
    EQ              shift and go to state 23
    COLON           shift and go to state 24


state 67

    (5) statement -> LET ID COLON type ASSIGN . expression SEMI
    (11) expression -> . expression PLUS expression
    (12) expression -> . expression MINUS expression
    (13) expression -> . expression TIMES expression
    (14) expression -> . expression LT expression
    (15) expression -> . expression GT expression
    (16) expression -> . expression EQ expression
    (17) expression -> . MINUS expression
    (18) expression -> . LPAREN expression RPAREN
    (19) expression -> . ID LPAREN expression RPAREN
    (20) expression -> . NUMBER
    (21) expression -> . TRUE
    (22) expression -> . FALSE
    (23) expression -> . ID
    (24) expression -> . IF expression THEN expression ELSE expression
    (25) expression -> . WHEN expression IS cases END
    (38) expression -> . LBRACK RBRACK
    (39) expression -> . expression COLON expression

    MINUS           shift and go to state 8
    LPAREN          shift and go to state 9
    ID              shift and go to state 6
    NUMBER          shift and go to state 10
    TRUE            shift and go to state 11
    FALSE           shift and go to state 12
    IF              shift and go to state 13
    WHEN            shift and go to state 14
    LBRACK          shift and go to state 15

    expression                     shift and go to state 79

state 68

    (10) type -> LBRACK type . RBRACK

    RBRACK          shift and go to state 80


state 69

    (6) statement -> FUN ID COLON type ARROW . type SEMI
    (8) type -> . TYPE_INT
    (9) type -> . TYPE_BOOL
    (10) type -> . LBRACK type RBRACK

    TYPE_INT        shift and go to state 49
    TYPE_BOOL       shift and go to state 50
    LBRACK          shift and go to state 51

    type                           shift and go to state 81

state 70

    (24) expression -> IF expression THEN expression ELSE . expression
    (11) expression -> . expression PLUS expression
    (12) expression -> . expression MINUS expression
    (13) expression -> . expression TIMES expression
    (14) expression -> . expression LT expression
    (15) expression -> . expression GT expression
    (16) expression -> . expression EQ expression
    (17) expression -> . MINUS expression
    (18) expression -> . LPAREN expression RPAREN
    (19) expression -> . ID LPAREN expression RPAREN
    (20) expression -> . NUMBER
    (21) expression -> . TRUE
    (22) expression -> . FALSE
    (23) expression -> . ID
    (24) expression -> . IF expression THEN expression ELSE expression
    (25) expression -> . WHEN expression IS cases END
    (38) expression -> . LBRACK RBRACK
    (39) expression -> . expression COLON expression

    MINUS           shift and go to state 8
    LPAREN          shift and go to state 9
    ID              shift and go to state 6
    NUMBER          shift and go to state 10
    TRUE            shift and go to state 11
    FALSE           shift and go to state 12
    IF              shift and go to state 13
    WHEN            shift and go to state 14
    LBRACK          shift and go to state 15

    expression                     shift and go to state 82

state 71

    (25) expression -> WHEN expression IS cases END .

    SEMI            reduce using rule 25 (expression -> WHEN expression IS cases END .)
    PLUS            reduce using rule 25 (expression -> WHEN expression IS cases END .)
    MINUS           reduce using rule 25 (expression -> WHEN expression IS cases END .)
    TIMES           reduce using rule 25 (expression -> WHEN expression IS cases END .)
    LT              reduce using rule 25 (expression -> WHEN expression IS cases END .)
    GT              reduce using rule 25 (expression -> WHEN expression IS cases END .)
    EQ              reduce using rule 25 (expression -> WHEN expression IS cases END .)
    COLON           reduce using rule 25 (expression -> WHEN expression IS cases END .)
    RPAREN          reduce using rule 25 (expression -> WHEN expression IS cases END .)
    THEN            reduce using rule 25 (expression -> WHEN expression IS cases END .)
    IS              reduce using rule 25 (expression -> WHEN expression IS cases END .)
    ELSE            reduce using rule 25 (expression -> WHEN expression IS cases END .)


state 72

    (27) cases -> cases case .

    END             reduce using rule 27 (cases -> cases case .)
    NUMBER          reduce using rule 27 (cases -> cases case .)
    MINUS           reduce using rule 27 (cases -> cases case .)
    TRUE            reduce using rule 27 (cases -> cases case .)
    FALSE           reduce using rule 27 (cases -> cases case .)
    UNDERSCORE      reduce using rule 27 (cases -> cases case .)
    LBRACK          reduce using rule 27 (cases -> cases case .)
    ID              reduce using rule 27 (cases -> cases case .)


state 73

    (28) case -> patterns ARROW . expression SEMI
    (11) expression -> . expression PLUS expression
    (12) expression -> . expression MINUS expression
    (13) expression -> . expression TIMES expression
    (14) expression -> . expression LT expression
    (15) expression -> . expression GT expression
    (16) expression -> . expression EQ expression
    (17) expression -> . MINUS expression
    (18) expression -> . LPAREN expression RPAREN
    (19) expression -> . ID LPAREN expression RPAREN
    (20) expression -> . NUMBER
    (21) expression -> . TRUE
    (22) expression -> . FALSE
    (23) expression -> . ID
    (24) expression -> . IF expression THEN expression ELSE expression
    (25) expression -> . WHEN expression IS cases END
    (38) expression -> . LBRACK RBRACK
    (39) expression -> . expression COLON expression

    MINUS           shift and go to state 8
    LPAREN          shift and go to state 9
    ID              shift and go to state 6
    NUMBER          shift and go to state 10
    TRUE            shift and go to state 11
    FALSE           shift and go to state 12
    IF              shift and go to state 13
    WHEN            shift and go to state 14
    LBRACK          shift and go to state 15

    expression                     shift and go to state 83

state 74

    (30) patterns -> patterns COMMA . pattern
    (31) pattern -> . NUMBER
    (32) pattern -> . MINUS NUMBER
    (33) pattern -> . TRUE
    (34) pattern -> . FALSE
    (35) pattern -> . UNDERSCORE
    (36) pattern -> . LBRACK RBRACK
    (37) pattern -> . ID COLON ID

    NUMBER          shift and go to state 59
    MINUS           shift and go to state 60
    TRUE            shift and go to state 61
    FALSE           shift and go to state 62
    UNDERSCORE      shift and go to state 63
    LBRACK          shift and go to state 64
    ID              shift and go to state 65

    pattern                        shift and go to state 84

state 75

    (32) pattern -> MINUS NUMBER .

    ARROW           reduce using rule 32 (pattern -> MINUS NUMBER .)
    COMMA           reduce using rule 32 (pattern -> MINUS NUMBER .)


state 76

    (36) pattern -> LBRACK RBRACK .

    ARROW           reduce using rule 36 (pattern -> LBRACK RBRACK .)
    COMMA           reduce using rule 36 (pattern -> LBRACK RBRACK .)


state 77

    (37) pattern -> ID COLON . ID

    ID              shift and go to state 85


state 78

    (7) statement -> LET ID ID ASSIGN expression SEMI .

    LET             reduce using rule 7 (statement -> LET ID ID ASSIGN expression SEMI .)
    FUN             reduce using rule 7 (statement -> LET ID ID ASSIGN expression SEMI .)
    MINUS           reduce using rule 7 (statement -> LET ID ID ASSIGN expression SEMI .)
    LPAREN          reduce using rule 7 (statement -> LET ID ID ASSIGN expression SEMI .)
    ID              reduce using rule 7 (statement -> LET ID ID ASSIGN expression SEMI .)
    NUMBER          reduce using rule 7 (statement -> LET ID ID ASSIGN expression SEMI .)
    TRUE            reduce using rule 7 (statement -> LET ID ID ASSIGN expression SEMI .)
    FALSE           reduce using rule 7 (statement -> LET ID ID ASSIGN expression SEMI .)
    IF              reduce using rule 7 (statement -> LET ID ID ASSIGN expression SEMI .)
    WHEN            reduce using rule 7 (statement -> LET ID ID ASSIGN expression SEMI .)
    LBRACK          reduce using rule 7 (statement -> LET ID ID ASSIGN expression SEMI .)
    $end            reduce using rule 7 (statement -> LET ID ID ASSIGN expression SEMI .)


state 79

    (5) statement -> LET ID COLON type ASSIGN expression . SEMI
    (11) expression -> expression . PLUS expression
    (12) expression -> expression . MINUS expression
    (13) expression -> expression . TIMES expression
    (14) expression -> expression . LT expression
    (15) expression -> expression . GT expression
    (16) expression -> expression . EQ expression
    (39) expression -> expression . COLON expression

    SEMI            shift and go to state 86
    PLUS            shift and go to state 18
    MINUS           shift and go to state 19
    TIMES           shift and go to state 20
    LT              shift and go to state 21
    GT              shift and go to state 22
    EQ              shift and go to state 23
    COLON           shift and go to state 24


state 80

    (10) type -> LBRACK type RBRACK .

    ASSIGN          reduce using rule 10 (type -> LBRACK type RBRACK .)
    ARROW           reduce using rule 10 (type -> LBRACK type RBRACK .)
    RBRACK          reduce using rule 10 (type -> LBRACK type RBRACK .)
    SEMI            reduce using rule 10 (type -> LBRACK type RBRACK .)


state 81

    (6) statement -> FUN ID COLON type ARROW type . SEMI

    SEMI            shift and go to state 87


state 82

    (24) expression -> IF expression THEN expression ELSE expression .
    (11) expression -> expression . PLUS expression
    (12) expression -> expression . MINUS expression
    (13) expression -> expression . TIMES expression
    (14) expression -> expression . LT expression
    (15) expression -> expression . GT expression
    (16) expression -> expression . EQ expression
    (39) expression -> expression . COLON expression

  ! shift/reduce conflict for PLUS resolved as shift
  ! shift/reduce conflict for MINUS resolved as shift
  ! shift/reduce conflict for TIMES resolved as shift
  ! shift/reduce conflict for LT resolved as shift
  ! shift/reduce conflict for GT resolved as shift
  ! shift/reduce conflict for EQ resolved as shift
  ! shift/reduce conflict for COLON resolved as shift
    SEMI            reduce using rule 24 (expression -> IF expression THEN expression ELSE expression .)
    RPAREN          reduce using rule 24 (expression -> IF expression THEN expression ELSE expression .)
    THEN            reduce using rule 24 (expression -> IF expression THEN expression ELSE expression .)
    IS              reduce using rule 24 (expression -> IF expression THEN expression ELSE expression .)
    ELSE            reduce using rule 24 (expression -> IF expression THEN expression ELSE expression .)
    PLUS            shift and go to state 18
    MINUS           shift and go to state 19
    TIMES           shift and go to state 20
    LT              shift and go to state 21
    GT              shift and go to state 22
    EQ              shift and go to state 23
    COLON           shift and go to state 24

  ! PLUS            [ reduce using rule 24 (expression -> IF expression THEN expression ELSE expression .) ]
  ! MINUS           [ reduce using rule 24 (expression -> IF expression THEN expression ELSE expression .) ]
  ! TIMES           [ reduce using rule 24 (expression -> IF expression THEN expression ELSE expression .) ]
  ! LT              [ reduce using rule 24 (expression -> IF expression THEN expression ELSE expression .) ]
  ! GT              [ reduce using rule 24 (expression -> IF expression THEN expression ELSE expression .) ]
  ! EQ              [ reduce using rule 24 (expression -> IF expression THEN expression ELSE expression .) ]
  ! COLON           [ reduce using rule 24 (expression -> IF expression THEN expression ELSE expression .) ]


state 83

    (28) case -> patterns ARROW expression . SEMI
    (11) expression -> expression . PLUS expression
    (12) expression -> expression . MINUS expression
    (13) expression -> expression . TIMES expression
    (14) expression -> expression . LT expression
    (15) expression -> expression . GT expression
    (16) expression -> expression . EQ expression
    (39) expression -> expression . COLON expression

    SEMI            shift and go to state 88
    PLUS            shift and go to state 18
    MINUS           shift and go to state 19
    TIMES           shift and go to state 20
    LT              shift and go to state 21
    GT              shift and go to state 22
    EQ              shift and go to state 23
    COLON           shift and go to state 24


state 84

    (30) patterns -> patterns COMMA pattern .

    ARROW           reduce using rule 30 (patterns -> patterns COMMA pattern .)
    COMMA           reduce using rule 30 (patterns -> patterns COMMA pattern .)


state 85

    (37) pattern -> ID COLON ID .

    ARROW           reduce using rule 37 (pattern -> ID COLON ID .)
    COMMA           reduce using rule 37 (pattern -> ID COLON ID .)


state 86

    (5) statement -> LET ID COLON type ASSIGN expression SEMI .

    LET             reduce using rule 5 (statement -> LET ID COLON type ASSIGN expression SEMI .)
    FUN             reduce using rule 5 (statement -> LET ID COLON type ASSIGN expression SEMI .)
    MINUS           reduce using rule 5 (statement -> LET ID COLON type ASSIGN expression SEMI .)
    LPAREN          reduce using rule 5 (statement -> LET ID COLON type ASSIGN expression SEMI .)
    ID              reduce using rule 5 (statement -> LET ID COLON type ASSIGN expression SEMI .)
    NUMBER          reduce using rule 5 (statement -> LET ID COLON type ASSIGN expression SEMI .)
    TRUE            reduce using rule 5 (statement -> LET ID COLON type ASSIGN expression SEMI .)
    FALSE           reduce using rule 5 (statement -> LET ID COLON type ASSIGN expression SEMI .)
    IF              reduce using rule 5 (statement -> LET ID COLON type ASSIGN expression SEMI .)
    WHEN            reduce using rule 5 (statement -> LET ID COLON type ASSIGN expression SEMI .)
    LBRACK          reduce using rule 5 (statement -> LET ID COLON type ASSIGN expression SEMI .)
    $end            reduce using rule 5 (statement -> LET ID COLON type ASSIGN expression SEMI .)


state 87

    (6) statement -> FUN ID COLON type ARROW type SEMI .

    LET             reduce using rule 6 (statement -> FUN ID COLON type ARROW type SEMI .)
    FUN             reduce using rule 6 (statement -> FUN ID COLON type ARROW type SEMI .)
    MINUS           reduce using rule 6 (statement -> FUN ID COLON type ARROW type SEMI .)
    LPAREN          reduce using rule 6 (statement -> FUN ID COLON type ARROW type SEMI .)
    ID              reduce using rule 6 (statement -> FUN ID COLON type ARROW type SEMI .)
    NUMBER          reduce using rule 6 (statement -> FUN ID COLON type ARROW type SEMI .)
    TRUE            reduce using rule 6 (statement -> FUN ID COLON type ARROW type SEMI .)
    FALSE           reduce using rule 6 (statement -> FUN ID COLON type ARROW type SEMI .)
    IF              reduce using rule 6 (statement -> FUN ID COLON type ARROW type SEMI .)
    WHEN            reduce using rule 6 (statement -> FUN ID COLON type ARROW type SEMI .)
    LBRACK          reduce using rule 6 (statement -> FUN ID COLON type ARROW type SEMI .)
    $end            reduce using rule 6 (statement -> FUN ID COLON type ARROW type SEMI .)


state 88

    (28) case -> patterns ARROW expression SEMI .

    END             reduce using rule 28 (case -> patterns ARROW expression SEMI .)
    NUMBER          reduce using rule 28 (case -> patterns ARROW expression SEMI .)
    MINUS           reduce using rule 28 (case -> patterns ARROW expression SEMI .)
    TRUE            reduce using rule 28 (case -> patterns ARROW expression SEMI .)
    FALSE           reduce using rule 28 (case -> patterns ARROW expression SEMI .)
    UNDERSCORE      reduce using rule 28 (case -> patterns ARROW expression SEMI .)
    LBRACK          reduce using rule 28 (case -> patterns ARROW expression SEMI .)
    ID              reduce using rule 28 (case -> patterns ARROW expression SEMI .)

WARNING: 
WARNING: Conflicts:
WARNING: 
WARNING: shift/reduce conflict for PLUS in state 82 resolved as shift
WARNING: shift/reduce conflict for MINUS in state 82 resolved as shift
WARNING: shift/reduce conflict for TIMES in state 82 resolved as shift
WARNING: shift/reduce conflict for LT in state 82 resolved as shift
WARNING: shift/reduce conflict for GT in state 82 resolved as shift
WARNING: shift/reduce conflict for EQ in state 82 resolved as shift
WARNING: shift/reduce conflict for COLON in state 82 resolved as shift
